<?xml version="1.0" encoding="UTF-8"?>
<!-- Generated by org.testng.reporters.JUnitReportReporter -->
<testsuite hostname="PepsiMan" failures="0" tests="2" name="NewTest" time="1.221" errors="0" timestamp="2022-02-26T16:51:07 SGT" skipped="0">
  <testcase classname="NewTest" name="checkId" time="0.399"/>
  <testcase classname="NewTest" name="checkTitle" time="0.822"/>
</testsuite> <!-- NewTest -->
