<?xml version="1.0" encoding="UTF-8"?>
<!-- Generated by org.testng.reporters.JUnitReportReporter -->
<testsuite hostname="PepsiMan" failures="0" tests="2" name="com.sddevops.selenium_maven.eclipse.NewTest" time="1.269" errors="0" timestamp="2022-02-26T17:06:12 SGT" skipped="0">
  <testcase classname="com.sddevops.selenium_maven.eclipse.NewTest" name="checkId" time="0.394"/>
  <testcase classname="com.sddevops.selenium_maven.eclipse.NewTest" name="checkTitle" time="0.875"/>
</testsuite> <!-- com.sddevops.selenium_maven.eclipse.NewTest -->
